Arguments: 
  C:\Program Files\nodejs\node.exe C:\Users\Administrator\AppData\Roaming\npm\node_modules\yarn\bin\yarn.js add @tarojs/taro-weapp

PATH: 
  C:\jdk8\BIN;C:\jdk8\JRE\BIN;C:\Windows\SYSTEM32;C:\Windows;C:\Windows\SYSTEM32\WBEM;C:\Windows\SYSTEM32\WINDOWSPOWERSHELL\V1.0\;;C:\PROGRAM FILES (X86)\GIT\CMD;d:\maven\BIN;C:\Program Files\WIDCOMM\Bluetooth Software\;C:\Program Files\WIDCOMM\Bluetooth Software\syswow64;C:\Program Files\nodejs\;C:\Program Files (x86)\Microsoft VS Code\bin;c:\jdk8\bin;c:\jdk8\jre\bin;C:\Windows\system32;C:\Windows;C:\Windows\System32\Wbem;C:\Windows\System32\WindowsPowerShell\v1.0\;C:\Program Files\nodejs\;C:\Program Files\WIDCOMM\Bluetooth Software\;C:\Program Files\WIDCOMM\Bluetooth Software\syswow64;C:\Program Files (x86)\Git\cmd;d:\maven\bin;C:\Users\Administrator\AppData\Local\Programs\Fiddler;C:\Users\Administrator\AppData\Local\GitHubDesktop\bin;C:\Users\Administrator\AppData\Roaming\npm

Yarn version: 
  1.19.1

Node version: 
  10.15.0

Platform: 
  win32 x64

Trace: 
  Error: %27https://registry.npm.taobao.org%27/@tarojs%2ftaro-weapp: Invalid URI "%27https://registry.npm.taobao.org%27/@tarojs%2ftaro-weapp"
      at Request.module.exports.Request.init (C:\Users\Administrator\AppData\Roaming\npm\node_modules\yarn\lib\cli.js:140652:31)
      at new Request (C:\Users\Administrator\AppData\Roaming\npm\node_modules\yarn\lib\cli.js:140506:8)
      at request (C:\Users\Administrator\AppData\Roaming\npm\node_modules\yarn\lib\cli.js:137412:10)
      at RequestManager.execute (C:\Users\Administrator\AppData\Roaming\npm\node_modules\yarn\lib\cli.js:66978:15)
      at RequestManager.shiftQueue (C:\Users\Administrator\AppData\Roaming\npm\node_modules\yarn\lib\cli.js:67016:10)
      at C:\Users\Administrator\AppData\Roaming\npm\node_modules\yarn\lib\cli.js:66695:13
      at new Promise (<anonymous>)
      at new F (C:\Users\Administrator\AppData\Roaming\npm\node_modules\yarn\lib\cli.js:5301:28)
      at RequestManager.request (C:\Users\Administrator\AppData\Roaming\npm\node_modules\yarn\lib\cli.js:66693:19)
      at NpmRegistry.<anonymous> (C:\Users\Administrator\AppData\Roaming\npm\node_modules\yarn\lib\cli.js:31704:42)

npm manifest: 
  No manifest

yarn manifest: 
  No manifest

Lockfile: 
  # THIS IS AN AUTOGENERATED FILE. DO NOT EDIT THIS FILE DIRECTLY.
  # yarn lockfile v1
